This is pdfTeX, Version 3.1415926-2.5-1.40.14 (TeX Live 2013/Debian) (format=pdflatex 2015.2.10)  6 MAR 2015 01:34
entering extended mode
 restricted \write18 enabled.
 %&-line parsing enabled.
**main.tex
(./main.tex
LaTeX2e <2011/06/27>
Babel <3.9h> and hyphenation patterns for 4 languages loaded.
(./svmono.cls
Document Class: svmono 2006/10/31 v4.17 
Springer Verlag global LaTeX document class for monographs
Class Springer-SVMono Info: extra/valid Springer sub-package 
(Springer-SVMono)           not found in option list - using "global" style.
(/usr/share/texlive/texmf-dist/tex/latex/base/article.cls
Document Class: article 2007/10/19 v1.4h Standard LaTeX document class
(/usr/share/texlive/texmf-dist/tex/latex/base/size10.clo
File: size10.clo 2007/10/19 v1.4h Standard LaTeX file (size option)
)
\c@part=\count79
\c@section=\count80
\c@subsection=\count81
\c@subsubsection=\count82
\c@paragraph=\count83
\c@subparagraph=\count84
\c@figure=\count85
\c@table=\count86
\abovecaptionskip=\skip41
\belowcaptionskip=\skip42
\bibindent=\dimen102
)
\betweenumberspace=\dimen103
\headlineindent=\dimen104
\c@chapter=\count87
\chapstarthookwidth=\dimen105
\svitemindent=\dimen106
\verbatimindent=\dimen107
LaTeX Font Info:    Redeclaring math symbol \Gamma on input line 633.
LaTeX Font Info:    Redeclaring math symbol \Delta on input line 634.
LaTeX Font Info:    Redeclaring math symbol \Theta on input line 635.
LaTeX Font Info:    Redeclaring math symbol \Lambda on input line 636.
LaTeX Font Info:    Redeclaring math symbol \Xi on input line 637.
LaTeX Font Info:    Redeclaring math symbol \Pi on input line 638.
LaTeX Font Info:    Redeclaring math symbol \Sigma on input line 639.
LaTeX Font Info:    Redeclaring math symbol \Upsilon on input line 640.
LaTeX Font Info:    Redeclaring math symbol \Phi on input line 641.
LaTeX Font Info:    Redeclaring math symbol \Psi on input line 642.
LaTeX Font Info:    Redeclaring math symbol \Omega on input line 643.
\tocchpnum=\dimen108
\tocsecnum=\dimen109
\tocsectotal=\dimen110
\tocsubsecnum=\dimen111
\tocsubsectotal=\dimen112
\tocsubsubsecnum=\dimen113
\tocsubsubsectotal=\dimen114
\tocparanum=\dimen115
\tocparatotal=\dimen116
\tocsubparanum=\dimen117
\foot@parindent=\dimen118
\spthmsep=\dimen119
\c@theorem=\count88
\c@prob=\count89
\instindent=\dimen120
\figgap=\dimen121
\figcapgap=\dimen122
\tabcapgap=\dimen123
\c@merk=\count90
)
(/usr/share/texlive/texmf-dist/tex/latex/base/makeidx.sty
Package: makeidx 2000/03/29 v1.0m Standard LaTeX package
)
(/usr/share/texlive/texmf-dist/tex/latex/graphics/graphicx.sty
Package: graphicx 1999/02/16 v1.0f Enhanced LaTeX Graphics (DPC,SPQR)

(/usr/share/texlive/texmf-dist/tex/latex/graphics/keyval.sty
Package: keyval 1999/03/16 v1.13 key=value parser (DPC)
\KV@toks@=\toks14
)
(/usr/share/texlive/texmf-dist/tex/latex/graphics/graphics.sty
Package: graphics 2009/02/05 v1.0o Standard LaTeX Graphics (DPC,SPQR)

(/usr/share/texlive/texmf-dist/tex/latex/graphics/trig.sty
Package: trig 1999/03/16 v1.09 sin cos tan (DPC)
)
(/usr/share/texlive/texmf-dist/tex/latex/latexconfig/graphics.cfg
File: graphics.cfg 2010/04/23 v1.9 graphics configuration of TeX Live
)
Package graphics Info: Driver file: pdftex.def on input line 91.

(/usr/share/texlive/texmf-dist/tex/latex/pdftex-def/pdftex.def
File: pdftex.def 2011/05/27 v0.06d Graphics/color for pdfTeX

(/usr/share/texlive/texmf-dist/tex/generic/oberdiek/infwarerr.sty
Package: infwarerr 2010/04/08 v1.3 Providing info/warning/error messages (HO)
)
(/usr/share/texlive/texmf-dist/tex/generic/oberdiek/ltxcmds.sty
Package: ltxcmds 2011/11/09 v1.22 LaTeX kernel commands for general use (HO)
)
\Gread@gobject=\count91
))
\Gin@req@height=\dimen124
\Gin@req@width=\dimen125
)
(/usr/share/texlive/texmf-dist/tex/latex/tools/multicol.sty
Package: multicol 2011/06/27 v1.7a multicolumn formatting (FMi)
\c@tracingmulticols=\count92
\mult@box=\box26
\multicol@leftmargin=\dimen126
\c@unbalance=\count93
\c@collectmore=\count94
\doublecol@number=\count95
\multicoltolerance=\count96
\multicolpretolerance=\count97
\full@width=\dimen127
\page@free=\dimen128
\premulticols=\dimen129
\postmulticols=\dimen130
\multicolsep=\skip43
\multicolbaselineskip=\skip44
\partial@page=\box27
\last@line=\box28
\mult@rightbox=\box29
\mult@grightbox=\box30
\mult@gfirstbox=\box31
\mult@firstbox=\box32
\@tempa=\box33
\@tempa=\box34
\@tempa=\box35
\@tempa=\box36
\@tempa=\box37
\@tempa=\box38
\@tempa=\box39
\@tempa=\box40
\@tempa=\box41
\@tempa=\box42
\@tempa=\box43
\@tempa=\box44
\@tempa=\box45
\@tempa=\box46
\@tempa=\box47
\@tempa=\box48
\@tempa=\box49
\c@columnbadness=\count98
\c@finalcolumnbadness=\count99
\last@try=\dimen131
\multicolovershoot=\dimen132
\multicolundershoot=\dimen133
\mult@nat@firstbox=\box50
\colbreak@box=\box51
\multicol@sort@counter=\count100
)
(/usr/share/texlive/texmf-dist/tex/latex/footmisc/footmisc.sty
Package: footmisc 2011/06/06 v5.5b a miscellany of footnote facilities
\FN@temptoken=\toks15
\footnotemargin=\dimen134
\c@pp@next@reset=\count101
Package footmisc Info: Declaring symbol style bringhurst on input line 855.
Package footmisc Info: Declaring symbol style chicago on input line 863.
Package footmisc Info: Declaring symbol style wiley on input line 872.
Package footmisc Info: Declaring symbol style lamport-robust on input line 883.

Package footmisc Info: Declaring symbol style lamport* on input line 903.
Package footmisc Info: Declaring symbol style lamport*-robust on input line 924
.
)
(/usr/share/texlive/texmf-dist/tex/latex/wrapfig/wrapfig.sty
\wrapoverhang=\dimen135
\WF@size=\dimen136
\c@WF@wrappedlines=\count102
\WF@box=\box52
\WF@everypar=\toks16
Package: wrapfig 2003/01/31  v 3.6
)
(/usr/share/texlive/texmf-dist/tex/latex/graphics/color.sty
Package: color 2005/11/14 v1.0j Standard LaTeX Color (DPC)

(/usr/share/texlive/texmf-dist/tex/latex/latexconfig/color.cfg
File: color.cfg 2007/01/18 v1.5 color configuration of teTeX/TeXLive
)
Package color Info: Driver file: pdftex.def on input line 130.
)
(/usr/share/texlive/texmf-dist/tex/latex/fancyvrb/fancyvrb.sty
Package: fancyvrb 2008/02/07

Style option: `fancyvrb' v2.7a, with DG/SPQR fixes, and firstline=lastline fix 
<2008/02/07> (tvz)
\FV@CodeLineNo=\count103
\FV@InFile=\read1
\FV@TabBox=\box53
\c@FancyVerbLine=\count104
\FV@StepNumber=\count105
\FV@OutFile=\write3
)
(/usr/share/texlive/texmf-dist/tex/latex/listings/listings.sty
\lst@mode=\count106
\lst@gtempboxa=\box54
\lst@token=\toks17
\lst@length=\count107
\lst@currlwidth=\dimen137
\lst@column=\count108
\lst@pos=\count109
\lst@lostspace=\dimen138
\lst@width=\dimen139
\lst@newlines=\count110
\lst@lineno=\count111
\lst@maxwidth=\dimen140

(/usr/share/texlive/texmf-dist/tex/latex/listings/lstmisc.sty
File: lstmisc.sty 2013/08/26 1.5b (Carsten Heinz)
\c@lstnumber=\count112
\lst@skipnumbers=\count113
\lst@framebox=\box55
)
(/usr/share/texlive/texmf-dist/tex/latex/listings/listings.cfg
File: listings.cfg 2013/08/26 1.5b listings configuration
))
Package: listings 2013/08/26 1.5b (Carsten Heinz)

(/usr/share/texlive/texmf-dist/tex/latex/capt-of/capt-of.sty
Package: capt-of 2009/12/29 v0.2 standard captions outside of floats
)
(/usr/share/texlive/texmf-dist/tex/latex/base/fixltx2e.sty
Package: fixltx2e 2006/09/13 v1.1m fixes to LaTeX
LaTeX Info: Redefining \em on input line 420.
)
(/usr/share/texlive/texmf-dist/tex/latex/hyperref/hyperref.sty
Package: hyperref 2012/11/06 v6.83m Hypertext links for LaTeX

(/usr/share/texlive/texmf-dist/tex/generic/oberdiek/hobsub-hyperref.sty
Package: hobsub-hyperref 2012/05/28 v1.13 Bundle oberdiek, subset hyperref (HO)


(/usr/share/texlive/texmf-dist/tex/generic/oberdiek/hobsub-generic.sty
Package: hobsub-generic 2012/05/28 v1.13 Bundle oberdiek, subset generic (HO)
Package: hobsub 2012/05/28 v1.13 Construct package bundles (HO)
Package hobsub Info: Skipping package `infwarerr' (already loaded).
Package hobsub Info: Skipping package `ltxcmds' (already loaded).
Package: ifluatex 2010/03/01 v1.3 Provides the ifluatex switch (HO)
Package ifluatex Info: LuaTeX not detected.
Package: ifvtex 2010/03/01 v1.5 Detect VTeX and its facilities (HO)
Package ifvtex Info: VTeX not detected.
Package: intcalc 2007/09/27 v1.1 Expandable calculations with integers (HO)
Package: ifpdf 2011/01/30 v2.3 Provides the ifpdf switch (HO)
Package ifpdf Info: pdfTeX in PDF mode is detected.
Package: etexcmds 2011/02/16 v1.5 Avoid name clashes with e-TeX commands (HO)
Package etexcmds Info: Could not find \expanded.
(etexcmds)             That can mean that you are not using pdfTeX 1.50 or
(etexcmds)             that some package has redefined \expanded.
(etexcmds)             In the latter case, load this package earlier.
Package: kvsetkeys 2012/04/25 v1.16 Key value parser (HO)
Package: kvdefinekeys 2011/04/07 v1.3 Define keys (HO)
Package: pdftexcmds 2011/11/29 v0.20 Utility functions of pdfTeX for LuaTeX (HO
)
Package pdftexcmds Info: LuaTeX not detected.
Package pdftexcmds Info: \pdf@primitive is available.
Package pdftexcmds Info: \pdf@ifprimitive is available.
Package pdftexcmds Info: \pdfdraftmode found.
Package: pdfescape 2011/11/25 v1.13 Implements pdfTeX's escape features (HO)
Package: bigintcalc 2012/04/08 v1.3 Expandable calculations on big integers (HO
)
Package: bitset 2011/01/30 v1.1 Handle bit-vector datatype (HO)
Package: uniquecounter 2011/01/30 v1.2 Provide unlimited unique counter (HO)
)
Package hobsub Info: Skipping package `hobsub' (already loaded).
Package: letltxmacro 2010/09/02 v1.4 Let assignment for LaTeX macros (HO)
Package: hopatch 2012/05/28 v1.2 Wrapper for package hooks (HO)
Package: xcolor-patch 2011/01/30 xcolor patch
Package: atveryend 2011/06/30 v1.8 Hooks at the very end of document (HO)
Package atveryend Info: \enddocument detected (standard20110627).
Package: atbegshi 2011/10/05 v1.16 At begin shipout hook (HO)
Package: refcount 2011/10/16 v3.4 Data extraction from label references (HO)
Package: hycolor 2011/01/30 v1.7 Color options for hyperref/bookmark (HO)
)
(/usr/share/texlive/texmf-dist/tex/generic/ifxetex/ifxetex.sty
Package: ifxetex 2010/09/12 v0.6 Provides ifxetex conditional
)
(/usr/share/texlive/texmf-dist/tex/latex/oberdiek/auxhook.sty
Package: auxhook 2011/03/04 v1.3 Hooks for auxiliary files (HO)
)
(/usr/share/texlive/texmf-dist/tex/latex/oberdiek/kvoptions.sty
Package: kvoptions 2011/06/30 v3.11 Key value format for package options (HO)
)
\@linkdim=\dimen141
\Hy@linkcounter=\count114
\Hy@pagecounter=\count115

(/usr/share/texlive/texmf-dist/tex/latex/hyperref/pd1enc.def
File: pd1enc.def 2012/11/06 v6.83m Hyperref: PDFDocEncoding definition (HO)
)
\Hy@SavedSpaceFactor=\count116

(/usr/share/texlive/texmf-dist/tex/latex/latexconfig/hyperref.cfg
File: hyperref.cfg 2002/06/06 v1.2 hyperref configuration of TeXLive
)
Package hyperref Info: Hyper figures OFF on input line 4443.
Package hyperref Info: Link nesting OFF on input line 4448.
Package hyperref Info: Hyper index ON on input line 4451.
Package hyperref Info: Plain pages OFF on input line 4458.
Package hyperref Info: Backreferencing OFF on input line 4463.
Package hyperref Info: Implicit mode ON; LaTeX internals redefined.
Package hyperref Info: Bookmarks ON on input line 4688.
\c@Hy@tempcnt=\count117

(/usr/share/texlive/texmf-dist/tex/latex/url/url.sty
\Urlmuskip=\muskip10
Package: url 2013/09/16  ver 3.4  Verb mode for urls, etc.
)
LaTeX Info: Redefining \url on input line 5041.
\XeTeXLinkMargin=\dimen142
\Fld@menulength=\count118
\Field@Width=\dimen143
\Fld@charsize=\dimen144
Package hyperref Info: Hyper figures OFF on input line 6295.
Package hyperref Info: Link nesting OFF on input line 6300.
Package hyperref Info: Hyper index ON on input line 6303.
Package hyperref Info: backreferencing OFF on input line 6310.
Package hyperref Info: Link coloring OFF on input line 6315.
Package hyperref Info: Link coloring with OCG OFF on input line 6320.
Package hyperref Info: PDF/A mode OFF on input line 6325.
LaTeX Info: Redefining \ref on input line 6365.
LaTeX Info: Redefining \pageref on input line 6369.
\Hy@abspage=\count119
\c@Item=\count120
\c@Hfootnote=\count121
)

Package hyperref Message: Driver (autodetected): hpdftex.

(/usr/share/texlive/texmf-dist/tex/latex/hyperref/hpdftex.def
File: hpdftex.def 2012/11/06 v6.83m Hyperref driver for pdfTeX
\Fld@listcount=\count122
\c@bookmark@seq@number=\count123

(/usr/share/texlive/texmf-dist/tex/latex/oberdiek/rerunfilecheck.sty
Package: rerunfilecheck 2011/04/15 v1.7 Rerun checks for auxiliary files (HO)
Package uniquecounter Info: New unique counter `rerunfilecheck' on input line 2
82.
)
\Hy@SectionHShift=\skip45
)
Package hyperref Info: Option `colorlinks' set `false' on input line 17.

(./main.aux (./question-1.aux

LaTeX Warning: Label `sizeURI3' multiply defined.


LaTeX Warning: Label `sizeURI3' multiply defined.


LaTeX Warning: Label `sizeURI3' multiply defined.


LaTeX Warning: Label `sizeURI3' multiply defined.


LaTeX Warning: Label `sizeURI3' multiply defined.


LaTeX Warning: Label `sizeURI3' multiply defined.

) (./question-2.aux

LaTeX Warning: Label `query_chess' multiply defined.

))
\openout1 = `main.aux'.

LaTeX Font Info:    Checking defaults for OML/cmm/m/it on input line 20.
LaTeX Font Info:    ... okay on input line 20.
LaTeX Font Info:    Checking defaults for T1/cmr/m/n on input line 20.
LaTeX Font Info:    ... okay on input line 20.
LaTeX Font Info:    Checking defaults for OT1/cmr/m/n on input line 20.
LaTeX Font Info:    ... okay on input line 20.
LaTeX Font Info:    Checking defaults for OMS/cmsy/m/n on input line 20.
LaTeX Font Info:    ... okay on input line 20.
LaTeX Font Info:    Checking defaults for OMX/cmex/m/n on input line 20.
LaTeX Font Info:    ... okay on input line 20.
LaTeX Font Info:    Checking defaults for U/cmr/m/n on input line 20.
LaTeX Font Info:    ... okay on input line 20.
LaTeX Font Info:    Checking defaults for PD1/pdf/m/n on input line 20.
LaTeX Font Info:    ... okay on input line 20.
 (/usr/share/texlive/texmf-dist/tex/context/base/supp-pdf.mkii
[Loading MPS to PDF converter (version 2006.09.02).]
\scratchcounter=\count124
\scratchdimen=\dimen145
\scratchbox=\box56
\nofMPsegments=\count125
\nofMParguments=\count126
\everyMPshowfont=\toks18
\MPscratchCnt=\count127
\MPscratchDim=\dimen146
\MPnumerator=\count128
\makeMPintoPDFobject=\count129
\everyMPtoPDFconversion=\toks19
) (/usr/share/texlive/texmf-dist/tex/latex/oberdiek/epstopdf-base.sty
Package: epstopdf-base 2010/02/09 v2.5 Base part for package epstopdf

(/usr/share/texlive/texmf-dist/tex/latex/oberdiek/grfext.sty
Package: grfext 2010/08/19 v1.1 Manage graphics extensions (HO)
)
Package grfext Info: Graphics extension search list:
(grfext)             [.png,.pdf,.jpg,.mps,.jpeg,.jbig2,.jb2,.PNG,.PDF,.JPG,.JPE
G,.JBIG2,.JB2,.eps]
(grfext)             \AppendGraphicsExtensions on input line 452.

(/usr/share/texlive/texmf-dist/tex/latex/latexconfig/epstopdf-sys.cfg
File: epstopdf-sys.cfg 2010/07/13 v1.3 Configuration of (r)epstopdf for TeX Liv
e
))
\c@lstlisting=\count130
\AtBeginShipoutBox=\box57
Package hyperref Info: Link coloring OFF on input line 20.

(/usr/share/texlive/texmf-dist/tex/latex/hyperref/nameref.sty
Package: nameref 2012/10/27 v2.43 Cross-referencing by name of section

(/usr/share/texlive/texmf-dist/tex/generic/oberdiek/gettitlestring.sty
Package: gettitlestring 2010/12/03 v1.4 Cleanup title references (HO)
)
\c@section@level=\count131
)
LaTeX Info: Redefining \ref on input line 20.
LaTeX Info: Redefining \pageref on input line 20.
LaTeX Info: Redefining \nameref on input line 20.

(./main.out) (./main.out)
\@outlinefile=\write4
\openout4 = `main.out'.

 [1

{/var/lib/texmf/fonts/map/pdftex/updmap/pdftex.map}] [2


]
LaTeX Font Info:    External font `cmex10' loaded for size
(Font)              <7> on input line 34.
LaTeX Font Info:    External font `cmex10' loaded for size
(Font)              <5> on input line 34.
 (./main.toc)
\tf@toc=\write5
\openout5 = `main.toc'.

 [5


] [6


]
\openout2 = `question-1.aux'.

 (./question-1.tex
Chapter 1.
LaTeX Font Info:    Try loading font information for OMS+cmr on input line 6.
(/usr/share/texlive/texmf-dist/tex/latex/base/omscmr.fd
File: omscmr.fd 1999/05/25 v2.5h Standard LaTeX font definitions
)
LaTeX Font Info:    Font shape `OMS/cmr/m/n' in size <10> not available
(Font)              Font shape `OMS/cmsy/m/n' tried instead on input line 6.


LaTeX Warning: Hyper reference `savePage' on page 1 undefined on input line 20.



LaTeX Warning: Hyper reference `savePage' on page 1 undefined on input line 21.


pdfTeX warning (ext4): destination with the same identifier (name{page.1}) has 
been already used, duplicate ignored
<to be read again> 
                   \relax 
l.31 \item T
            he third tool WAIL consumed most of my time as the set-up wasn't...
[1



] <figures/avgWarcSizeForTool.png, id=91, 481.8pt x 481.8pt>
File: figures/avgWarcSizeForTool.png Graphic file (type png)

<use figures/avgWarcSizeForTool.png>
Package pdftex.def Info: figures/avgWarcSizeForTool.png used on input line 42.
(pdftex.def)             Requested size: 264.99081pt x 264.99081pt.
pdfTeX warning (ext4): destination with the same identifier (name{page.2}) has 
been already used, duplicate ignored
<to be read again> 
                   \relax 
l.47 \item W
            hile downloading the WARC files for each of the above tools I no...
[2]

LaTeX Warning: Hyper reference `savePage' on page 3 undefined on input line 52.



Overfull \hbox (3.19518pt too wide) in paragraph at lines 52--53
[]\OT1/cmr/m/n/10 URI#1: http://edition.cnn.com/videos/us/2015/02/04/lead-dnt-j
ohns-
 []


LaTeX Warning: Hyper reference `savePage' on page 3 undefined on input line 53.



Overfull \hbox (17.05626pt too wide) in paragraph at lines 53--54
[]\OT1/cmr/m/n/10 URI#2: http://www.dccomics.com/blog/2015/02/04/breaking-news-
milo-
 []


LaTeX Warning: Hyper reference `savePage' on page 3 undefined on input line 54.



Overfull \hbox (15.33414pt too wide) in paragraph at lines 54--55
[]\OT1/cmr/m/n/10 URI#3: http://www.theguardian.com/football/2015/feb/04/jonny-
evans-
 []

[3 <./figures/avgWarcSizeForTool.png>]
<figures/uri1.png, id=104, 481.8pt x 481.8pt>
File: figures/uri1.png Graphic file (type png)
 <use figures/uri1.png>
Package pdftex.def Info: figures/uri1.png used on input line 58.
(pdftex.def)             Requested size: 264.99081pt x 264.99081pt.

<figures/uri2.png, id=105, 481.8pt x 481.8pt>
File: figures/uri2.png Graphic file (type png)
 <use figures/uri2.png>
Package pdftex.def Info: figures/uri2.png used on input line 64.
(pdftex.def)             Requested size: 264.99081pt x 264.99081pt.
 [4]
Overfull \vbox (21.48163pt too high) has occurred while \output is active []


[5 <./figures/uri1.png> <./figures/uri2.png>]
<figures/uri3.png, id=118, 481.8pt x 481.8pt>
File: figures/uri3.png Graphic file (type png)
 <use figures/uri3.png>
Package pdftex.def Info: figures/uri3.png used on input line 71.
(pdftex.def)             Requested size: 264.99081pt x 264.99081pt.

<figures/playback/webrecorder_7_wail.PNG, id=119, 1077.27469pt x 636.12656pt>
File: figures/playback/webrecorder_7_wail.PNG Graphic file (type png)

<use figures/playback/webrecorder_7_wail.PNG>
Package pdftex.def Info: figures/playback/webrecorder_7_wail.PNG used on input 
line 80.
(pdftex.def)             Requested size: 592.50291pt x 349.87068pt.

Overfull \hbox (256.50291pt too wide) in paragraph at lines 80--81
[][] 
 []

[6 <./figures/uri3.png>] [7 <./figures/playback/webrecorder_7_wail.PNG>]
<figures/playback/webrecorder_7_warcreate.PNG, id=133, 1035.87pt x 629.35126pt>
File: figures/playback/webrecorder_7_warcreate.PNG Graphic file (type png)
<use figures/playback/webrecorder_7_warcreate.PNG>
Package pdftex.def Info: figures/playback/webrecorder_7_warcreate.PNG used on i
nput line 86.
(pdftex.def)             Requested size: 569.73026pt x 346.14426pt.

Overfull \hbox (233.73026pt too wide) in paragraph at lines 86--87
[][] 
 []


Overfull \hbox (15.0pt too wide) in paragraph at lines 85--90
[]$[]$ 
 []

[8 <./figures/playback/webrecorder_7_warcreate.PNG>]
<figures/playback/webrecorder_7_webrecorder.PNG, id=140, 666.23906pt x 633.1153
1pt>
File: figures/playback/webrecorder_7_webrecorder.PNG Graphic file (type png)
 <use figures/playback/webrecorder_7_webrecorder.PNG>
Package pdftex.def Info: figures/playback/webrecorder_7_webrecorder.PNG used on
 input line 92.
(pdftex.def)             Requested size: 366.43262pt x 348.2145pt.

Overfull \hbox (30.43262pt too wide) in paragraph at lines 92--93
[][] 
 []


Overfull \hbox (15.0pt too wide) in paragraph at lines 91--96
[]$[]$ 
 []

[9 <./figures/playback/webrecorder_7_webrecorder.PNG>]
<figures/playback/webrecorder_7_wget.PNG, id=148, 886.06032pt x 636.87938pt>
File: figures/playback/webrecorder_7_wget.PNG Graphic file (type png)

<use figures/playback/webrecorder_7_wget.PNG>
Package pdftex.def Info: figures/playback/webrecorder_7_wget.PNG used on input 
line 98.
(pdftex.def)             Requested size: 487.33469pt x 350.28474pt.

Overfull \hbox (151.33469pt too wide) in paragraph at lines 98--99
[][] 
 []


Overfull \hbox (15.0pt too wide) in paragraph at lines 97--102
[]$[]$ 
 []

[10 <./figures/playback/webrecorder_7_wget.PNG>]
<figures/playback/webrecorder_24_wail.PNG, id=155, 692.5875pt x 639.13782pt>
File: figures/playback/webrecorder_24_wail.PNG Graphic file (type png)

<use figures/playback/webrecorder_24_wail.PNG>
Package pdftex.def Info: figures/playback/webrecorder_24_wail.PNG used on input
 line 104.
(pdftex.def)             Requested size: 380.9243pt x 351.52689pt.

Overfull \hbox (44.9243pt too wide) in paragraph at lines 104--105
[][] 
 []


Overfull \hbox (15.0pt too wide) in paragraph at lines 103--108
[]$[]$ 
 []

[11 <./figures/playback/webrecorder_24_wail.PNG>]
<figures/playback/webrecorder_24_warcreate.PNG, id=162, 1204.5pt x 627.84563pt>
File: figures/playback/webrecorder_24_warcreate.PNG Graphic file (type png)
<use figures/playback/webrecorder_24_warcreate.PNG>
Package pdftex.def Info: figures/playback/webrecorder_24_warcreate.PNG used on 
input line 110.
(pdftex.def)             Requested size: 662.47705pt x 345.31616pt.

Overfull \hbox (326.47705pt too wide) in paragraph at lines 110--111
[][] 
 []


Overfull \hbox (15.0pt too wide) in paragraph at lines 109--114
[]$[]$ 
 []

[12 <./figures/playback/webrecorder_24_warcreate.PNG>]
<figures/playback/webrecorder_24_webrecorder.PNG, id=170, 675.27281pt x 639.137
82pt>
File: figures/playback/webrecorder_24_webrecorder.PNG Graphic file (type png)
 <use figures/playback/webrecorder_24_webrecorder.PNG>
Package pdftex.def Info: figures/playback/webrecorder_24_webrecorder.PNG used o
n input line 116.
(pdftex.def)             Requested size: 371.4012pt x 351.52689pt.

Overfull \hbox (35.4012pt too wide) in paragraph at lines 116--117
[][] 
 []


Overfull \hbox (15.0pt too wide) in paragraph at lines 115--120
[]$[]$ 
 []

[13 <./figures/playback/webrecorder_24_webrecorder.PNG>]
<figures/playback/webrecorder_24_wget.PNG, id=177, 1020.06094pt x 631.60968pt>
File: figures/playback/webrecorder_24_wget.PNG Graphic file (type png)

<use figures/playback/webrecorder_24_wget.PNG>
Package pdftex.def Info: figures/playback/webrecorder_24_wget.PNG used on input
 line 122.
(pdftex.def)             Requested size: 561.03526pt x 347.3864pt.

Overfull \hbox (225.03526pt too wide) in paragraph at lines 122--123
[][] 
 []


Overfull \hbox (15.0pt too wide) in paragraph at lines 121--126
[]$[]$ 
 []

[14 <./figures/playback/webrecorder_24_wget.PNG>]
<figures/playback/webrecorder_89_wail.PNG, id=184, 732.48656pt x 636.87938pt>
File: figures/playback/webrecorder_89_wail.PNG Graphic file (type png)

<use figures/playback/webrecorder_89_wail.PNG>
Package pdftex.def Info: figures/playback/webrecorder_89_wail.PNG used on input
 line 128.
(pdftex.def)             Requested size: 402.86885pt x 350.28474pt.

Overfull \hbox (66.86885pt too wide) in paragraph at lines 128--129
[][] 
 []


Overfull \hbox (15.0pt too wide) in paragraph at lines 127--132
[]$[]$ 
 []

[15 <./figures/playback/webrecorder_89_wail.PNG>]
<figures/playback/webrecorder_89_warcreate.PNG, id=192, 1084.05pt x 637.63219pt
>
File: figures/playback/webrecorder_89_warcreate.PNG Graphic file (type png)
 <use figures/playback/webrecorder_89_warcreate.PNG>
Package pdftex.def Info: figures/playback/webrecorder_89_warcreate.PNG used on 
input line 134.
(pdftex.def)             Requested size: 596.22935pt x 350.69879pt.

Overfull \hbox (260.22935pt too wide) in paragraph at lines 134--135
[][] 
 []


Overfull \hbox (15.0pt too wide) in paragraph at lines 133--138
[]$[]$ 
 []

[16 <./figures/playback/webrecorder_89_warcreate.PNG>]
<figures/playback/webrecorder_89_webrecorder.PNG, id=199, 803.25093pt x 636.879
38pt>
File: figures/playback/webrecorder_89_webrecorder.PNG Graphic file (type png)
 <use figures/playback/webrecorder_89_webrecorder.PNG>
Package pdftex.def Info: figures/playback/webrecorder_89_webrecorder.PNG used o
n input line 140.
(pdftex.def)             Requested size: 441.78937pt x 350.28474pt.

Overfull \hbox (105.78937pt too wide) in paragraph at lines 140--141
[][] 
 []


Overfull \hbox (15.0pt too wide) in paragraph at lines 139--144
[]$[]$ 
 []

[17 <./figures/playback/webrecorder_89_webrecorder.PNG>]
<figures/playback/webrecorder_89_wget.PNG, id=206, 743.77875pt x 631.60968pt>
File: figures/playback/webrecorder_89_wget.PNG Graphic file (type png)

<use figures/playback/webrecorder_89_wget.PNG>
Package pdftex.def Info: figures/playback/webrecorder_89_wget.PNG used on input
 line 146.
(pdftex.def)             Requested size: 409.07957pt x 347.3864pt.

Overfull \hbox (73.07957pt too wide) in paragraph at lines 146--147
[][] 
 []


Overfull \hbox (15.0pt too wide) in paragraph at lines 145--150
[]$[]$ 
 []

[18 <./figures/playback/webrecorder_89_wget.PNG>]

LaTeX Warning: Hyper reference `savePage' on page 19 undefined on input line 15
4.


Overfull \hbox (35.58295pt too wide) in paragraph at lines 154--155
[]\OT1/cmr/m/n/10 For set-ting pywb I fol-lowed the in-struc-tions at https://g
ithub.com/ikreymer/pywb. 
 []

<figures/playback/search.PNG, id=213, 267.24844pt x 155.83218pt>
File: figures/playback/search.PNG Graphic file (type png)

<use figures/playback/search.PNG>
Package pdftex.def Info: figures/playback/search.PNG used on input line 159.
(pdftex.def)             Requested size: 146.98709pt x 85.70796pt.

<figures/playback/pywb_search_page.PNG, id=214, 915.42pt x 292.84406pt>
File: figures/playback/pywb_search_page.PNG Graphic file (type png)

<use figures/playback/pywb_search_page.PNG>
Package pdftex.def Info: figures/playback/pywb_search_page.PNG used on input li
ne 169.
(pdftex.def)             Requested size: 503.48256pt x 161.06473pt.

Overfull \hbox (167.48256pt too wide) in paragraph at lines 169--171
 [][] 
 []

[19 <./figures/playback/search.PNG> <./figures/playback/pywb_search_page.PNG>]
<figures/playback/pywb_7_wget.PNG, id=223, 1018.55531pt x 694.84593pt>
File: figures/playback/pywb_7_wget.PNG Graphic file (type png)

<use figures/playback/pywb_7_wget.PNG>
Package pdftex.def Info: figures/playback/pywb_7_wget.PNG used on input line 17
6.
(pdftex.def)             Requested size: 560.20715pt x 382.16644pt.

Overfull \hbox (224.20715pt too wide) in paragraph at lines 176--177
[][] 
 []


Overfull \hbox (15.0pt too wide) in paragraph at lines 175--180
[]$[]$ 
 []

[20 <./figures/playback/pywb_7_wget.PNG>]
<figures/playback/pywb_24_warcreate.PNG, id=230, 1029.8475pt x 682.04813pt>
File: figures/playback/pywb_24_warcreate.PNG Graphic file (type png)

<use figures/playback/pywb_24_warcreate.PNG>
Package pdftex.def Info: figures/playback/pywb_24_warcreate.PNG used on input l
ine 182.
(pdftex.def)             Requested size: 566.4179pt x 375.12762pt.

Overfull \hbox (230.4179pt too wide) in paragraph at lines 182--183
[][] 
 []


Overfull \hbox (15.0pt too wide) in paragraph at lines 181--186
[]$[]$ 
 []

[21 <./figures/playback/pywb_24_warcreate.PNG>]
<figures/playback/pywb_24_webrecorder.PNG, id=238, 980.91469pt x 693.34032pt>
File: figures/playback/pywb_24_webrecorder.PNG Graphic file (type png)

<use figures/playback/pywb_24_webrecorder.PNG>
Package pdftex.def Info: figures/playback/pywb_24_webrecorder.PNG used on input
 line 188.
(pdftex.def)             Requested size: 539.50475pt x 381.33835pt.

Overfull \hbox (203.50475pt too wide) in paragraph at lines 188--189
[][] 
 []


Overfull \hbox (15.0pt too wide) in paragraph at lines 187--192
[]$[]$ 
 []

[22 <./figures/playback/pywb_24_webrecorder.PNG>]
<figures/playback/pywb_24_wget.PNG, id=245, 972.63374pt x 694.09312pt>
File: figures/playback/pywb_24_wget.PNG Graphic file (type png)

<use figures/playback/pywb_24_wget.PNG>
Package pdftex.def Info: figures/playback/pywb_24_wget.PNG used on input line 1
94.
(pdftex.def)             Requested size: 534.95021pt x 381.7524pt.

Overfull \hbox (198.95021pt too wide) in paragraph at lines 194--195
[][] 
 []


Overfull \hbox (15.0pt too wide) in paragraph at lines 193--198
[]$[]$ 
 []

[23 <./figures/playback/pywb_24_wget.PNG>]
<figures/playback/pywb_89_webrecorder.PNG, id=252, 1018.55531pt x 692.5875pt>
File: figures/playback/pywb_89_webrecorder.PNG Graphic file (type png)

<use figures/playback/pywb_89_webrecorder.PNG>
Package pdftex.def Info: figures/playback/pywb_89_webrecorder.PNG used on input
 line 200.
(pdftex.def)             Requested size: 560.20715pt x 380.9243pt.

Overfull \hbox (224.20715pt too wide) in paragraph at lines 200--201
[][] 
 []


Overfull \hbox (15.0pt too wide) in paragraph at lines 199--204
[]$[]$ 
 []

[24 <./figures/playback/pywb_89_webrecorder.PNG>]
<figures/playback/pywb_89_wget.PNG, id=259, 1020.06094pt x 698.61pt>
File: figures/playback/pywb_89_wget.PNG Graphic file (type png)

<use figures/playback/pywb_89_wget.PNG>
Package pdftex.def Info: figures/playback/pywb_89_wget.PNG used on input line 2
06.
(pdftex.def)             Requested size: 561.03526pt x 384.23668pt.

Overfull \hbox (225.03526pt too wide) in paragraph at lines 206--207
[][] 
 []


Overfull \hbox (15.0pt too wide) in paragraph at lines 205--210
[]$[]$ 
 []

[25 <./figures/playback/pywb_89_wget.PNG>]
(/usr/share/texlive/texmf-dist/tex/latex/listings/lstlang1.sty
File: lstlang1.sty 2013/08/26 1.5b listings language file
)
(/usr/share/texlive/texmf-dist/tex/latex/listings/lstlang2.sty
File: lstlang2.sty 2013/08/26 1.5b listings language file
)
(/usr/share/texlive/texmf-dist/tex/latex/listings/lstlang3.sty
File: lstlang3.sty 2013/08/26 1.5b listings language file
)
(./rFiles/barplot.R
LaTeX Font Info:    Try loading font information for OML+cmr on input line 1.
 (/usr/share/texlive/texmf-dist/tex/latex/base/omlcmr.fd
File: omlcmr.fd 1999/05/25 v2.5h Standard LaTeX font definitions
)
LaTeX Font Info:    Font shape `OML/cmr/bx/n' in size <9> not available
(Font)              Font shape `OML/cmm/b/it' tried instead on input line 1.
LaTeX Font Info:    External font `cmex10' loaded for size
(Font)              <9> on input line 1.
LaTeX Font Info:    External font `cmex10' loaded for size
(Font)              <6> on input line 1.
))
[26]
\openout2 = `question-2.aux'.

 (./question-2.tex
Chapter 2.

LaTeX Warning: Hyper reference `savePage' on page 27 undefined on input line 10
.


Overfull \hbox (13.97281pt too wide) in paragraph at lines 10--11
[]\OT1/cmr/m/n/10 see the code + tu-to-rial at: https://github.com/ukwa/webarch
ive-discovery 
 []


LaTeX Warning: Hyper reference `savePage' on page 27 undefined on input line 23
.

[27




] <figures/query/query_obama_mexico.PNG, id=281, 721.19438pt x 566.86781pt>
File: figures/query/query_obama_mexico.PNG Graphic file (type png)

<use figures/query/query_obama_mexico.PNG>
Package pdftex.def Info: figures/query/query_obama_mexico.PNG used on input lin
e 29.
(pdftex.def)             Requested size: 396.65814pt x 311.77826pt.

Overfull \hbox (60.65814pt too wide) in paragraph at lines 29--30
[][] 
 []


Overfull \hbox (15.0pt too wide) in paragraph at lines 28--33
[]$[]$ 
 []

[28 <./figures/query/query_obama_mexico.PNG>]
<figures/query/query_chess.PNG, id=288, 839.38594pt x 560.8453pt>
File: figures/query/query_chess.PNG Graphic file (type png)

<use figures/query/query_chess.PNG>
Package pdftex.def Info: figures/query/query_chess.PNG used on input line 35.
(pdftex.def)             Requested size: 461.6637pt x 308.46587pt.

Overfull \hbox (125.6637pt too wide) in paragraph at lines 35--36
[][] 
 []


Overfull \hbox (15.0pt too wide) in paragraph at lines 34--39
[]$[]$ 
 []


<figures/query/query_star_wars_game_of_thrones.PNG, id=289, 895.84688pt x 620.3
175pt>
File: figures/query/query_star_wars_game_of_thrones.PNG Graphic file (type png)

 <use figures/query/query_star_wars_game_of_thrones.PNG>
Package pdftex.def Info: figures/query/query_star_wars_game_of_thrones.PNG used
 on input line 41.
(pdftex.def)             Requested size: 492.71732pt x 341.17569pt.

Overfull \hbox (156.71732pt too wide) in paragraph at lines 41--42
[][] 
 []


Overfull \hbox (15.0pt too wide) in paragraph at lines 40--45
[]$[]$ 
 []

[29 <./figures/query/query_chess.PNG>] [30 <./figures/query/query_star_wars_gam
e_of_thrones.PNG>]
<figures/query/query_star_wars.PNG, id=302, 813.79031pt x 565.36218pt>
File: figures/query/query_star_wars.PNG Graphic file (type png)

<use figures/query/query_star_wars.PNG>
Package pdftex.def Info: figures/query/query_star_wars.PNG used on input line 4
9.
(pdftex.def)             Requested size: 447.58606pt x 310.95015pt.

Overfull \hbox (126.58606pt too wide) in paragraph at lines 49--50
[][] 
 []

) [31 <./figures/query/query_star_wars.PNG>] [32



] (./main.bbl
Underfull \hbox (badness 10000) in paragraph at lines 20--22
[]\OT1/cmr/m/n/9 WARC and ARC in-dex-ing and dis-cov-ery tools.
 []

)
Package atveryend Info: Empty hook `BeforeClearDocument' on input line 48.
 [33


]
Package atveryend Info: Empty hook `AfterLastShipout' on input line 48.
 (./main.aux (./question-1.aux) (./question-2.aux))
Package atveryend Info: Executing hook `AtVeryEndDocument' on input line 48.
Package atveryend Info: Executing hook `AtEndAfterFileList' on input line 48.
Package rerunfilecheck Info: File `main.out' has not changed.
(rerunfilecheck)             Checksum: 82FE191828B34D89BADF5A4FEA4ED2EE;647.


LaTeX Warning: There were undefined references.


LaTeX Warning: There were multiply-defined labels.

Package atveryend Info: Empty hook `AtVeryVeryEnd' on input line 48.
 ) 
Here is how much of TeX's memory you used:
 8448 strings out of 494985
 124299 string characters out of 6180356
 267613 words of memory out of 5000000
 11444 multiletter control sequences out of 15000+600000
 8246 words of font info for 29 fonts, out of 8000000 for 9000
 36 hyphenation exceptions out of 8191
 32i,7n,46p,484b,1952s stack positions out of 5000i,500n,10000p,200000b,80000s
</usr/share/texlive/texmf-dist/fonts/type1/public/amsfonts/cm/cmbx10.pfb></us
r/share/texlive/texmf-dist/fonts/type1/public/amsfonts/cm/cmbx12.pfb></usr/shar
e/texlive/texmf-dist/fonts/type1/public/amsfonts/cm/cmbx9.pfb></usr/share/texli
ve/texmf-dist/fonts/type1/public/amsfonts/cmextra/cmmib9.pfb></usr/share/texliv
e/texmf-dist/fonts/type1/public/amsfonts/cm/cmr10.pfb></usr/share/texlive/texmf
-dist/fonts/type1/public/amsfonts/cm/cmr12.pfb></usr/share/texlive/texmf-dist/f
onts/type1/public/amsfonts/cm/cmr17.pfb></usr/share/texlive/texmf-dist/fonts/ty
pe1/public/amsfonts/cm/cmr9.pfb></usr/share/texlive/texmf-dist/fonts/type1/publ
ic/amsfonts/cm/cmsy10.pfb></usr/share/texlive/texmf-dist/fonts/type1/public/ams
fonts/cm/cmsy9.pfb>
Output written on main.pdf (37 pages, 4162157 bytes).
PDF statistics:
 381 PDF objects out of 1000 (max. 8388607)
 273 compressed objects within 3 object streams
 87 named destinations out of 1000 (max. 500000)
 237 words of extra memory for PDF output out of 10000 (max. 10000000)

